<?xml version="1.0" encoding="UTF-8" ?>
<testsuite failures="0" time="0.019" errors="0" skipped="0" tests="2" name="no.torrissen.HBaseConnectorTest">
  <properties>
    <property name="java.runtime.name" value="Java(TM) SE Runtime Environment"/>
    <property name="sun.boot.library.path" value="/System/Library/Frameworks/JavaVM.framework/Versions/1.6.0/Libraries"/>
    <property name="java.vm.version" value="14.3-b01-101"/>
    <property name="awt.nativeDoubleBuffering" value="true"/>
    <property name="gopherProxySet" value="false"/>
    <property name="mrj.build" value="10M3025"/>
    <property name="java.vm.vendor" value="Apple Inc."/>
    <property name="java.vendor.url" value="http://www.apple.com/"/>
    <property name="path.separator" value=":"/>
    <property name="java.vm.name" value="Java HotSpot(TM) 64-Bit Server VM"/>
    <property name="file.encoding.pkg" value="sun.io"/>
    <property name="user.country" value="US"/>
    <property name="sun.java.launcher" value="SUN_STANDARD"/>
    <property name="sun.os.patch.level" value="unknown"/>
    <property name="java.vm.specification.name" value="Java Virtual Machine Specification"/>
    <property name="user.dir" value="/Users/tobiast/Development/hbase/NoSQLTutorial/HBase"/>
    <property name="java.runtime.version" value="1.6.0_17-b04-248-10M3025"/>
    <property name="java.awt.graphicsenv" value="apple.awt.CGraphicsEnvironment"/>
    <property name="basedir" value="/Users/tobiast/Development/hbase/NoSQLTutorial/HBase"/>
    <property name="java.endorsed.dirs" value="/System/Library/Frameworks/JavaVM.framework/Versions/1.6.0/Home/lib/endorsed"/>
    <property name="os.arch" value="x86_64"/>
    <property name="surefire.real.class.path" value="/var/folders/6j/6jGH8-KvFXKccd1Od1tYoE+++TI/-Tmp-/surefirebooter4173523224878649477.jar"/>
    <property name="java.io.tmpdir" value="/var/folders/6j/6jGH8-KvFXKccd1Od1tYoE+++TI/-Tmp-/"/>
    <property name="line.separator" value="
"/>
    <property name="java.vm.specification.vendor" value="Sun Microsystems Inc."/>
    <property name="os.name" value="Mac OS X"/>
    <property name="sun.jnu.encoding" value="MacRoman"/>
    <property name="java.library.path" value=".:/Library/Java/Extensions:/System/Library/Java/Extensions:/usr/lib/java"/>
    <property name="surefire.test.class.path" value="/Users/tobiast/Development/hbase/NoSQLTutorial/HBase/target/test-classes:/Users/tobiast/Development/hbase/NoSQLTutorial/HBase/target/classes:/Users/tobiast/.m2/repository/junit/junit/3.8.1/junit-3.8.1.jar:/Users/tobiast/.m2/repository/org/apache/mahout/hadoop/hadoop-core/0.20.1/hadoop-core-0.20.1.jar:/Users/tobiast/.m2/repository/commons-logging/commons-logging/1.1/commons-logging-1.1.jar:/Users/tobiast/.m2/repository/log4j/log4j/1.2.12/log4j-1.2.12.jar:/Users/tobiast/.m2/repository/logkit/logkit/1.0.1/logkit-1.0.1.jar:/Users/tobiast/.m2/repository/avalon-framework/avalon-framework/4.1.3/avalon-framework-4.1.3.jar:/Users/tobiast/.m2/repository/javax/servlet/servlet-api/2.3/servlet-api-2.3.jar:/Users/tobiast/.m2/repository/apache/hbase/0.20.3/hbase-0.20.3.jar:/Users/tobiast/.m2/repository/zookeeper/zookeeper/3.2.2/zookeeper-3.2.2.jar:"/>
    <property name="java.specification.name" value="Java Platform API Specification"/>
    <property name="java.class.version" value="50.0"/>
    <property name="sun.management.compiler" value="HotSpot 64-Bit Server Compiler"/>
    <property name="os.version" value="10.6.2"/>
    <property name="http.nonProxyHosts" value="local|*.local|169.254/16|*.169.254/16"/>
    <property name="user.home" value="/Users/tobiast"/>
    <property name="user.timezone" value=""/>
    <property name="java.awt.printerjob" value="apple.awt.CPrinterJob"/>
    <property name="java.specification.version" value="1.6"/>
    <property name="file.encoding" value="MacRoman"/>
    <property name="user.name" value="tobiast"/>
    <property name="java.class.path" value="/Users/tobiast/Development/hbase/NoSQLTutorial/HBase/target/test-classes:/Users/tobiast/Development/hbase/NoSQLTutorial/HBase/target/classes:/Users/tobiast/.m2/repository/junit/junit/3.8.1/junit-3.8.1.jar:/Users/tobiast/.m2/repository/org/apache/mahout/hadoop/hadoop-core/0.20.1/hadoop-core-0.20.1.jar:/Users/tobiast/.m2/repository/commons-logging/commons-logging/1.1/commons-logging-1.1.jar:/Users/tobiast/.m2/repository/log4j/log4j/1.2.12/log4j-1.2.12.jar:/Users/tobiast/.m2/repository/logkit/logkit/1.0.1/logkit-1.0.1.jar:/Users/tobiast/.m2/repository/avalon-framework/avalon-framework/4.1.3/avalon-framework-4.1.3.jar:/Users/tobiast/.m2/repository/javax/servlet/servlet-api/2.3/servlet-api-2.3.jar:/Users/tobiast/.m2/repository/apache/hbase/0.20.3/hbase-0.20.3.jar:/Users/tobiast/.m2/repository/zookeeper/zookeeper/3.2.2/zookeeper-3.2.2.jar:"/>
    <property name="java.vm.specification.version" value="1.0"/>
    <property name="sun.arch.data.model" value="64"/>
    <property name="java.home" value="/System/Library/Frameworks/JavaVM.framework/Versions/1.6.0/Home"/>
    <property name="java.specification.vendor" value="Sun Microsystems Inc."/>
    <property name="user.language" value="en"/>
    <property name="awt.toolkit" value="apple.awt.CToolkit"/>
    <property name="java.vm.info" value="mixed mode"/>
    <property name="java.version" value="1.6.0_17"/>
    <property name="java.ext.dirs" value="/Library/Java/Extensions:/System/Library/Java/Extensions:/System/Library/Frameworks/JavaVM.framework/Versions/1.6.0/Home/lib/ext"/>
    <property name="sun.boot.class.path" value="/System/Library/Frameworks/JavaVM.framework/Versions/1.6.0/Classes/jsfd.jar:/System/Library/Frameworks/JavaVM.framework/Versions/1.6.0/Classes/classes.jar:/System/Library/Frameworks/JavaVM.framework/Frameworks/JavaRuntimeSupport.framework/Resources/Java/JavaRuntimeSupport.jar:/System/Library/Frameworks/JavaVM.framework/Versions/1.6.0/Classes/ui.jar:/System/Library/Frameworks/JavaVM.framework/Versions/1.6.0/Classes/laf.jar:/System/Library/Frameworks/JavaVM.framework/Versions/1.6.0/Classes/sunrsasign.jar:/System/Library/Frameworks/JavaVM.framework/Versions/1.6.0/Classes/jsse.jar:/System/Library/Frameworks/JavaVM.framework/Versions/1.6.0/Classes/jce.jar:/System/Library/Frameworks/JavaVM.framework/Versions/1.6.0/Classes/charsets.jar"/>
    <property name="java.vendor" value="Apple Inc."/>
    <property name="localRepository" value="/Users/tobiast/.m2/repository"/>
    <property name="file.separator" value="/"/>
    <property name="java.vendor.url.bug" value="http://bugreport.apple.com/"/>
    <property name="sun.cpu.endian" value="little"/>
    <property name="sun.io.unicode.encoding" value="UnicodeLittle"/>
    <property name="mrj.version" value="1060.1.6.0_17-248"/>
    <property name="socksNonProxyHosts" value="local|*.local|169.254/16|*.169.254/16"/>
    <property name="ftp.nonProxyHosts" value="local|*.local|169.254/16|*.169.254/16"/>
    <property name="sun.cpu.isalist" value=""/>
  </properties>
  <testcase time="0.004" classname="no.torrissen.HBaseConnectorTest" name="testRead"/>
  <testcase time="0" classname="no.torrissen.HBaseConnectorTest" name="testWrite"/>
</testsuite>